This file contains any messages produced by compilers while
running configure, to aid debugging if configure makes a mistake.

It was created by rjmcmc configure 1.0.11, which was
generated by GNU Autoconf 2.63.  Invocation command line was

  $ ./configure --prefix=/short/public/rcb547/apps/rjmcmcmt/submodules/RJMCMC-1.0.11/installed/gcc-5.2.0 --with-openmpi CC=gcc --no-create --no-recursion

## --------- ##
## Platform. ##
## --------- ##

hostname = raijin5
uname -m = x86_64
uname -r = 3.10.0-327.36.3.el6.x86_64
uname -s = Linux
uname -v = #1 SMP Wed Jan 25 05:38:43 UTC 2017

/usr/bin/uname -p = unknown
/bin/uname -X     = unknown

/bin/arch              = x86_64
/usr/bin/arch -k       = unknown
/usr/convex/getsysinfo = unknown
/usr/bin/hostinfo      = unknown
/bin/machine           = unknown
/usr/bin/oslevel       = unknown
/bin/universe          = unknown

PATH: /apps/openmpi/wrapper/fortran
PATH: /apps/openmpi/wrapper
PATH: /apps/openmpi/1.6.3/bin
PATH: /apps/gcc/5.2.0/wrapper
PATH: /apps/gcc/5.2.0/bin
PATH: /opt/bin
PATH: /bin
PATH: /usr/bin
PATH: /opt/pbs/default/bin
PATH: .
PATH: /home/547/rcb547/scripts


## ----------- ##
## Core tests. ##
## ----------- ##

configure:1972: checking for a BSD-compatible install
configure:2040: result: /usr/bin/install -c
configure:2051: checking whether build environment is sane
configure:2111: result: yes
configure:2252: checking for a thread-safe mkdir -p
configure:2291: result: /bin/mkdir -p
configure:2304: checking for gawk
configure:2320: found /bin/gawk
configure:2331: result: gawk
configure:2342: checking whether make sets $(MAKE)
configure:2364: result: yes
configure:2432: checking how to create a ustar tar archive
configure:2445: tar --version
tar (GNU tar) 1.23
Copyright (C) 2010 Free Software Foundation, Inc.
License GPLv3+: GNU GPL version 3 or later <http://gnu.org/licenses/gpl.html>.
This is free software: you are free to change and redistribute it.
There is NO WARRANTY, to the extent permitted by law.

Written by John Gilmore and Jay Fenlason.
configure:2448: $? = 0
configure:2488: tardir=conftest.dir && eval tar --format=ustar -chf - "$tardir" >conftest.tar
configure:2491: $? = 0
configure:2495: tar -xf - <conftest.tar
configure:2498: $? = 0
configure:2511: result: gnutar
configure:2572: checking for gcc
configure:2599: result: gcc
configure:2831: checking for C compiler version
configure:2839: gcc --version >&5
gcc (GCC) 5.2.0
Copyright (C) 2015 Free Software Foundation, Inc.
This is free software; see the source for copying conditions.  There is NO
warranty; not even for MERCHANTABILITY or FITNESS FOR A PARTICULAR PURPOSE.

configure:2843: $? = 0
configure:2850: gcc -v >&5
Using built-in specs.
COLLECT_GCC=/apps/gcc/5.2.0/bin/gcc
COLLECT_LTO_WRAPPER=/apps/gcc/5.2.0/libexec/gcc/x86_64-unknown-linux-gnu/5.2.0/lto-wrapper
Target: x86_64-unknown-linux-gnu
Configured with: ../configure --prefix=/apps/gcc/5.2.0 --with-mpc=/apps/mpc/1.0.3 --with-mpfr=/apps/mpfr/3.1.3 --with-gmp=/apps/gmp/6.0.0a
Thread model: posix
gcc version 5.2.0 (GCC) 
configure:2854: $? = 0
configure:2861: gcc -V >&5
gcc: error: unrecognized command line option '-V'
gcc: fatal error: no input files
compilation terminated.
configure:2865: $? = 1
configure:2888: checking for C compiler default output file name
configure:2910: gcc    conftest.c  >&5
configure:2914: $? = 0
configure:2952: result: a.out
configure:2971: checking whether the C compiler works
configure:2981: ./a.out
configure:2985: $? = 0
configure:3004: result: yes
configure:3011: checking whether we are cross compiling
configure:3013: result: no
configure:3016: checking for suffix of executables
configure:3023: gcc -o conftest    conftest.c  >&5
configure:3027: $? = 0
configure:3053: result: 
configure:3059: checking for suffix of object files
configure:3085: gcc -c   conftest.c >&5
configure:3089: $? = 0
configure:3114: result: o
configure:3118: checking whether we are using the GNU C compiler
configure:3147: gcc -c   conftest.c >&5
configure:3154: $? = 0
configure:3171: result: yes
configure:3180: checking whether gcc accepts -g
configure:3210: gcc -c -g  conftest.c >&5
configure:3217: $? = 0
configure:3318: result: yes
configure:3335: checking for gcc option to accept ISO C89
configure:3409: gcc  -c -g -O2  conftest.c >&5
configure:3416: $? = 0
configure:3439: result: none needed
configure:3468: checking for style of include used by make
configure:3496: result: GNU
configure:3521: checking dependency style of gcc
configure:3631: result: gcc3
configure:3699: checking for g77
configure:3729: result: no
configure:3699: checking for xlf
configure:3729: result: no
configure:3699: checking for f77
configure:3729: result: no
configure:3699: checking for frt
configure:3729: result: no
configure:3699: checking for pgf77
configure:3729: result: no
configure:3699: checking for cf77
configure:3729: result: no
configure:3699: checking for fort77
configure:3729: result: no
configure:3699: checking for fl32
configure:3729: result: no
configure:3699: checking for af77
configure:3729: result: no
configure:3699: checking for xlf90
configure:3729: result: no
configure:3699: checking for f90
configure:3729: result: no
configure:3699: checking for pgf90
configure:3729: result: no
configure:3699: checking for pghpf
configure:3729: result: no
configure:3699: checking for epcf90
configure:3729: result: no
configure:3699: checking for gfortran
configure:3715: found /apps/gcc/5.2.0/wrapper/gfortran
configure:3726: result: gfortran
configure:3752: checking for Fortran 77 compiler version
configure:3760: gfortran --version >&5
GNU Fortran (GCC) 5.2.0
Copyright (C) 2015 Free Software Foundation, Inc.

GNU Fortran comes with NO WARRANTY, to the extent permitted by law.
You may redistribute copies of GNU Fortran
under the terms of the GNU General Public License.
For more information about these matters, see the file named COPYING

configure:3764: $? = 0
configure:3771: gfortran -v >&5
Using built-in specs.
COLLECT_GCC=/apps/gcc/5.2.0/bin/gfortran
COLLECT_LTO_WRAPPER=/apps/gcc/5.2.0/libexec/gcc/x86_64-unknown-linux-gnu/5.2.0/lto-wrapper
Target: x86_64-unknown-linux-gnu
Configured with: ../configure --prefix=/apps/gcc/5.2.0 --with-mpc=/apps/mpc/1.0.3 --with-mpfr=/apps/mpfr/3.1.3 --with-gmp=/apps/gmp/6.0.0a
Thread model: posix
gcc version 5.2.0 (GCC) 
configure:3775: $? = 0
configure:3782: gfortran -V >&5
gfortran: error: unrecognized command line option '-V'
gfortran: fatal error: no input files
compilation terminated.
configure:3786: $? = 1
configure:3794: checking whether we are using the GNU Fortran 77 compiler
configure:3813: gfortran -c  conftest.F >&5
f951: Warning: Nonexistent include directory '/apps/openmpi/1.6.3/GNU/include' [-Wmissing-include-dirs]
configure:3820: $? = 0
configure:3837: result: yes
configure:3843: checking whether gfortran accepts -g
configure:3860: gfortran -c -g conftest.f >&5
f951: Warning: Nonexistent include directory '/apps/openmpi/1.6.3/GNU/include' [-Wmissing-include-dirs]
configure:3867: $? = 0
configure:3883: result: yes
configure:3965: checking for gfortran
configure:3981: found /apps/gcc/5.2.0/wrapper/gfortran
configure:3992: result: gfortran
configure:4018: checking for Fortran compiler version
configure:4026: gfortran --version >&5
GNU Fortran (GCC) 5.2.0
Copyright (C) 2015 Free Software Foundation, Inc.

GNU Fortran comes with NO WARRANTY, to the extent permitted by law.
You may redistribute copies of GNU Fortran
under the terms of the GNU General Public License.
For more information about these matters, see the file named COPYING

configure:4030: $? = 0
configure:4037: gfortran -v >&5
Using built-in specs.
COLLECT_GCC=/apps/gcc/5.2.0/bin/gfortran
COLLECT_LTO_WRAPPER=/apps/gcc/5.2.0/libexec/gcc/x86_64-unknown-linux-gnu/5.2.0/lto-wrapper
Target: x86_64-unknown-linux-gnu
Configured with: ../configure --prefix=/apps/gcc/5.2.0 --with-mpc=/apps/mpc/1.0.3 --with-mpfr=/apps/mpfr/3.1.3 --with-gmp=/apps/gmp/6.0.0a
Thread model: posix
gcc version 5.2.0 (GCC) 
configure:4041: $? = 0
configure:4048: gfortran -V >&5
gfortran: error: unrecognized command line option '-V'
gfortran: fatal error: no input files
compilation terminated.
configure:4052: $? = 1
configure:4060: checking whether we are using the GNU Fortran compiler
configure:4079: gfortran -c   conftest.F >&5
f951: Warning: Nonexistent include directory '/apps/openmpi/1.6.3/GNU/include' [-Wmissing-include-dirs]
configure:4086: $? = 0
configure:4103: result: yes
configure:4109: checking whether gfortran accepts -g
configure:4126: gfortran -c -g  conftest.f >&5
f951: Warning: Nonexistent include directory '/apps/openmpi/1.6.3/GNU/include' [-Wmissing-include-dirs]
configure:4133: $? = 0
configure:4149: result: yes
configure:4204: checking build system type
configure:4222: result: x86_64-unknown-linux-gnu
configure:4244: checking host system type
configure:4259: result: x86_64-unknown-linux-gnu
configure:4302: checking how to print strings
configure:4329: result: printf
configure:4350: checking for a sed that does not truncate output
configure:4416: result: /bin/sed
configure:4434: checking for grep that handles long lines and -e
configure:4494: result: /bin/grep
configure:4499: checking for egrep
configure:4563: result: /bin/grep -E
configure:4568: checking for fgrep
configure:4632: result: /bin/grep -F
configure:4667: checking for ld used by gcc
configure:4734: result: /opt/bin/ld
configure:4743: checking if the linker (/opt/bin/ld) is GNU ld
configure:4758: result: yes
configure:4770: checking for BSD- or MS-compatible name lister (nm)
configure:4819: result: /usr/bin/nm -B
configure:4949: checking the name lister (/usr/bin/nm -B) interface
configure:4956: gcc -c -g -O2  conftest.c >&5
configure:4959: /usr/bin/nm -B "conftest.o"
configure:4962: output
0000000000000000 B some_variable
configure:4969: result: BSD nm
configure:4972: checking whether ln -s works
configure:4976: result: yes
configure:4984: checking the maximum length of command line arguments
configure:5114: result: 12582912
configure:5131: checking whether the shell understands some XSI constructs
configure:5141: result: yes
configure:5145: checking whether the shell understands "+="
configure:5151: result: yes
configure:5186: checking how to convert x86_64-unknown-linux-gnu file names to x86_64-unknown-linux-gnu format
configure:5226: result: func_convert_file_noop
configure:5233: checking how to convert x86_64-unknown-linux-gnu file names to toolchain format
configure:5253: result: func_convert_file_noop
configure:5260: checking for /opt/bin/ld option to reload object files
configure:5267: result: -r
configure:5341: checking for objdump
configure:5357: found /usr/bin/objdump
configure:5368: result: objdump
configure:5400: checking how to recognize dependent libraries
configure:5602: result: pass_all
configure:5687: checking for dlltool
configure:5717: result: no
configure:5747: checking how to associate runtime and link libraries
configure:5774: result: printf %s\n
configure:5835: checking for ar
configure:5851: found /usr/bin/ar
configure:5862: result: ar
configure:5899: checking for archiver @FILE support
configure:5926: gcc -c -g -O2  conftest.c >&5
configure:5933: $? = 0
configure:5940: ar cru libconftest.a @conftest.lst >&5
configure:5943: $? = 0
configure:5948: ar cru libconftest.a @conftest.lst >&5
ar: conftest.o: No such file or directory
configure:5951: $? = 1
configure:5969: result: @
configure:6027: checking for strip
configure:6043: found /usr/bin/strip
configure:6054: result: strip
configure:6126: checking for ranlib
configure:6142: found /usr/bin/ranlib
configure:6153: result: ranlib
configure:6255: checking command to parse /usr/bin/nm -B output from gcc object
configure:6375: gcc -c -g -O2  conftest.c >&5
configure:6378: $? = 0
configure:6382: /usr/bin/nm -B conftest.o \| sed -n -e 's/^.*[ ]\([ABCDGIRSTW][ABCDGIRSTW]*\)[ ][ ]*\([_A-Za-z][_A-Za-z0-9]*\)$/\1 \2 \2/p' | sed '/ __gnu_lto/d' \> conftest.nm
configure:6385: $? = 0
configure:6451: gcc -o conftest -g -O2   conftest.c conftstm.o >&5
configure:6454: $? = 0
configure:6492: result: ok
configure:6529: checking for sysroot
configure:6561: result: no
configure:6638: gcc -c -g -O2  conftest.c >&5
configure:6641: $? = 0
configure:6846: checking for mt
configure:6876: result: no
configure:6896: checking if : is a manifest tool
configure:6902: : '-?'
configure:6910: result: no
configure:7581: checking how to run the C preprocessor
configure:7621: gcc -E  conftest.c
configure:7628: $? = 0
configure:7659: gcc -E  conftest.c
conftest.c:8:28: fatal error: ac_nonexistent.h: No such file or directory
compilation terminated.
configure:7666: $? = 1
configure: failed program was:
| /* confdefs.h.  */
| #define PACKAGE_NAME "rjmcmc"
| #define PACKAGE_TARNAME "RJMCMC"
| #define PACKAGE_VERSION "1.0.11"
| #define PACKAGE_STRING "rjmcmc 1.0.11"
| #define PACKAGE_BUGREPORT "http://www.iearth.org.au/codes/RJMCMC"
| /* end confdefs.h.  */
| #include <ac_nonexistent.h>
configure:7699: result: gcc -E
configure:7728: gcc -E  conftest.c
configure:7735: $? = 0
configure:7766: gcc -E  conftest.c
conftest.c:8:28: fatal error: ac_nonexistent.h: No such file or directory
compilation terminated.
configure:7773: $? = 1
configure: failed program was:
| /* confdefs.h.  */
| #define PACKAGE_NAME "rjmcmc"
| #define PACKAGE_TARNAME "RJMCMC"
| #define PACKAGE_VERSION "1.0.11"
| #define PACKAGE_STRING "rjmcmc 1.0.11"
| #define PACKAGE_BUGREPORT "http://www.iearth.org.au/codes/RJMCMC"
| /* end confdefs.h.  */
| #include <ac_nonexistent.h>
configure:7813: checking for ANSI C header files
configure:7843: gcc -c -g -O2  conftest.c >&5
configure:7850: $? = 0
configure:7949: gcc -o conftest -g -O2   conftest.c  >&5
configure:7953: $? = 0
configure:7959: ./conftest
configure:7963: $? = 0
configure:7981: result: yes
configure:8005: checking for sys/types.h
configure:8026: gcc -c -g -O2  conftest.c >&5
configure:8033: $? = 0
configure:8050: result: yes
configure:8005: checking for sys/stat.h
configure:8026: gcc -c -g -O2  conftest.c >&5
configure:8033: $? = 0
configure:8050: result: yes
configure:8005: checking for stdlib.h
configure:8026: gcc -c -g -O2  conftest.c >&5
configure:8033: $? = 0
configure:8050: result: yes
configure:8005: checking for string.h
configure:8026: gcc -c -g -O2  conftest.c >&5
configure:8033: $? = 0
configure:8050: result: yes
configure:8005: checking for memory.h
configure:8026: gcc -c -g -O2  conftest.c >&5
configure:8033: $? = 0
configure:8050: result: yes
configure:8005: checking for strings.h
configure:8026: gcc -c -g -O2  conftest.c >&5
configure:8033: $? = 0
configure:8050: result: yes
configure:8005: checking for inttypes.h
configure:8026: gcc -c -g -O2  conftest.c >&5
configure:8033: $? = 0
configure:8050: result: yes
configure:8005: checking for stdint.h
configure:8026: gcc -c -g -O2  conftest.c >&5
configure:8033: $? = 0
configure:8050: result: yes
configure:8005: checking for unistd.h
configure:8026: gcc -c -g -O2  conftest.c >&5
configure:8033: $? = 0
configure:8050: result: yes
configure:8068: checking for dlfcn.h
configure:8089: gcc -c -g -O2  conftest.c >&5
configure:8096: $? = 0
configure:8113: result: yes
configure:8333: checking for objdir
configure:8348: result: .libs
configure:8619: checking if gcc supports -fno-rtti -fno-exceptions
configure:8637: gcc -c -g -O2  -fno-rtti -fno-exceptions conftest.c >&5
cc1: warning: command line option '-fno-rtti' is valid for C++/ObjC++ but not for C
configure:8641: $? = 0
configure:8654: result: no
configure:8981: checking for gcc option to produce PIC
configure:8988: result: -fPIC -DPIC
configure:8996: checking if gcc PIC flag -fPIC -DPIC works
configure:9014: gcc -c -g -O2  -fPIC -DPIC -DPIC conftest.c >&5
configure:9018: $? = 0
configure:9031: result: yes
configure:9060: checking if gcc static flag -static works
configure:9088: result: yes
configure:9103: checking if gcc supports -c -o file.o
configure:9124: gcc -c -g -O2  -o out/conftest2.o conftest.c >&5
configure:9128: $? = 0
configure:9150: result: yes
configure:9158: checking if gcc supports -c -o file.o
configure:9205: result: yes
configure:9238: checking whether the gcc linker (/opt/bin/ld -m elf_x86_64) supports shared libraries
configure:10482: result: yes
configure:10519: checking whether -lc should be explicitly linked in
configure:10527: gcc -c -g -O2  conftest.c >&5
configure:10530: $? = 0
configure:10545: gcc -shared  -fPIC -DPIC conftest.o  -v -Wl,-soname -Wl,conftest -o conftest 2\>\&1 \| /bin/grep  -lc  \>/dev/null 2\>\&1
configure:10548: $? = 0
configure:10562: result: no
configure:10722: checking dynamic linker characteristics
configure:11243: gcc -o conftest -g -O2   -Wl,-rpath -Wl,/foo conftest.c  >&5
configure:11250: $? = 0
configure:11487: result: GNU/Linux ld.so
configure:11594: checking how to hardcode library paths into programs
configure:11619: result: immediate
configure:12472: checking whether stripping libraries is possible
configure:12477: result: yes
configure:12512: checking if libtool supports shared libraries
configure:12514: result: yes
configure:12517: checking whether to build shared libraries
configure:12538: result: yes
configure:12541: checking whether to build static libraries
configure:12545: result: yes
configure:12669: checking if libtool supports shared libraries
configure:12671: result: yes
configure:12674: checking whether to build shared libraries
configure:12694: result: yes
configure:12697: checking whether to build static libraries
configure:12701: result: yes
configure:13022: checking for gfortran option to produce PIC
configure:13029: result: -fPIC
configure:13037: checking if gfortran PIC flag -fPIC works
configure:13055: gfortran -c -g -O2 -fPIC conftest.f >&5
f951: Warning: Nonexistent include directory '/apps/openmpi/1.6.3/GNU/include' [-Wmissing-include-dirs]
configure:13059: $? = 0
configure:13072: result: yes
configure:13095: checking if gfortran static flag -static works
f951: Warning: Nonexistent include directory '/apps/openmpi/1.6.3/GNU/include' [-Wmissing-include-dirs]
configure:13123: result: yes
configure:13135: checking if gfortran supports -c -o file.o
configure:13156: gfortran -c -g -O2 -o out/conftest2.o conftest.f >&5
f951: Warning: Nonexistent include directory '/apps/openmpi/1.6.3/GNU/include' [-Wmissing-include-dirs]
configure:13160: $? = 0
configure:13182: result: yes
configure:13187: checking if gfortran supports -c -o file.o
configure:13234: result: yes
configure:13264: checking whether the gfortran linker (/opt/bin/ld -m elf_x86_64) supports shared libraries
configure:14446: result: yes
configure:14587: checking dynamic linker characteristics
configure:15276: result: GNU/Linux ld.so
configure:15329: checking how to hardcode library paths into programs
configure:15354: result: immediate
configure:15498: checking if libtool supports shared libraries
configure:15500: result: yes
configure:15503: checking whether to build shared libraries
configure:15523: result: yes
configure:15526: checking whether to build static libraries
configure:15530: result: yes
configure:15564: gfortran -c -g -O2  conftest.f >&5
f951: Warning: Nonexistent include directory '/apps/openmpi/1.6.3/GNU/include' [-Wmissing-include-dirs]
configure:15567: $? = 0
configure:16014: checking for gfortran option to produce PIC
configure:16021: result: -fPIC
configure:16029: checking if gfortran PIC flag -fPIC works
configure:16047: gfortran -c -g -O2 -fPIC  conftest.f >&5
f951: Warning: Nonexistent include directory '/apps/openmpi/1.6.3/GNU/include' [-Wmissing-include-dirs]
configure:16051: $? = 0
configure:16064: result: yes
configure:16087: checking if gfortran static flag -static works
f951: Warning: Nonexistent include directory '/apps/openmpi/1.6.3/GNU/include' [-Wmissing-include-dirs]
configure:16115: result: yes
configure:16127: checking if gfortran supports -c -o file.o
configure:16148: gfortran -c -g -O2 -o out/conftest2.o  conftest.f >&5
f951: Warning: Nonexistent include directory '/apps/openmpi/1.6.3/GNU/include' [-Wmissing-include-dirs]
configure:16152: $? = 0
configure:16174: result: yes
configure:16179: checking if gfortran supports -c -o file.o
configure:16226: result: yes
configure:16256: checking whether the gfortran linker (/opt/bin/ld -m elf_x86_64) supports shared libraries
configure:17438: result: yes
configure:17579: checking dynamic linker characteristics
configure:18268: result: GNU/Linux ld.so
configure:18321: checking how to hardcode library paths into programs
configure:18346: result: immediate
configure:18398: checking whether gcc and cc understand -c and -o together
configure:18433: gcc -c conftest.c -o conftest2.o >&5
configure:18437: $? = 0
configure:18443: gcc -c conftest.c -o conftest2.o >&5
configure:18447: $? = 0
configure:18458: cc -c conftest.c >&5
configure:18462: $? = 0
configure:18470: cc -c conftest.c -o conftest2.o >&5
configure:18474: $? = 0
configure:18480: cc -c conftest.c -o conftest2.o >&5
configure:18484: $? = 0
configure:18502: result: yes
configure:18532: checking for sqrt in -lm
configure:18567: gcc -o conftest -g -O2   conftest.c -lm   >&5
conftest.c:27:6: warning: conflicting types for built-in function 'sqrt'
 char sqrt ();
      ^
configure:18574: $? = 0
configure:18595: result: yes
configure:18613: checking for stdlib.h
configure:18620: result: yes
configure:18775: checking math.h usability
configure:18792: gcc -c -g -O2  conftest.c >&5
configure:18799: $? = 0
configure:18813: result: yes
configure:18817: checking math.h presence
configure:18832: gcc -E  conftest.c
configure:18839: $? = 0
configure:18853: result: yes
configure:18886: checking for math.h
configure:18895: result: yes
configure:18915: checking for string.h
configure:18922: result: yes
configure:19077: checking assert.h usability
configure:19094: gcc -c -g -O2  conftest.c >&5
configure:19101: $? = 0
configure:19115: result: yes
configure:19119: checking assert.h presence
configure:19134: gcc -E  conftest.c
configure:19141: $? = 0
configure:19155: result: yes
configure:19188: checking for assert.h
configure:19197: result: yes
configure:19221: checking for stdlib.h
configure:19228: result: yes
configure:19367: checking for GNU libc compatible malloc
configure:19401: gcc -o conftest -g -O2   conftest.c -lm  >&5
configure:19405: $? = 0
configure:19411: ./conftest
configure:19415: $? = 0
configure:19432: result: yes
configure:19465: checking for sqrt
configure:19521: gcc -o conftest -g -O2   conftest.c -lm  >&5
conftest.c:50:6: warning: conflicting types for built-in function 'sqrt'
 char sqrt ();
      ^
configure:19528: $? = 0
configure:19550: result: yes
configure:19465: checking for log
configure:19521: gcc -o conftest -g -O2   conftest.c -lm  >&5
conftest.c:51:6: warning: conflicting types for built-in function 'log'
 char log ();
      ^
configure:19528: $? = 0
configure:19550: result: yes
configure:19630: checking mpi.h usability
configure:19647: gcc -c -g -O2  -I/usr/include/openmpi conftest.c >&5
configure:19654: $? = 0
configure:19668: result: yes
configure:19672: checking mpi.h presence
configure:19687: gcc -E  -I/usr/include/openmpi conftest.c
configure:19694: $? = 0
configure:19708: result: yes
configure:19741: checking for mpi.h
configure:19750: result: yes
configure:19778: checking for MPI_Init in -lmpi
configure:19813: gcc -o conftest -g -O2  -I/usr/include/openmpi  -L/usr/lib/openmpi conftest.c -lmpi  -lm  >&5
configure:19820: $? = 0
configure:19841: result: yes
configure:20022: creating ./config.status

## ---------------- ##
## Cache variables. ##
## ---------------- ##

ac_cv_build=x86_64-unknown-linux-gnu
ac_cv_c_compiler_gnu=yes
ac_cv_env_CC_set=set
ac_cv_env_CC_value=gcc
ac_cv_env_CFLAGS_set=
ac_cv_env_CFLAGS_value=
ac_cv_env_CPPFLAGS_set=
ac_cv_env_CPPFLAGS_value=
ac_cv_env_CPP_set=
ac_cv_env_CPP_value=
ac_cv_env_F77_set=
ac_cv_env_F77_value=
ac_cv_env_FCFLAGS_set=
ac_cv_env_FCFLAGS_value=
ac_cv_env_FC_set=
ac_cv_env_FC_value=
ac_cv_env_FFLAGS_set=
ac_cv_env_FFLAGS_value=
ac_cv_env_LDFLAGS_set=
ac_cv_env_LDFLAGS_value=
ac_cv_env_LIBS_set=
ac_cv_env_LIBS_value=
ac_cv_env_build_alias_set=
ac_cv_env_build_alias_value=
ac_cv_env_host_alias_set=
ac_cv_env_host_alias_value=
ac_cv_env_target_alias_set=
ac_cv_env_target_alias_value=
ac_cv_f77_compiler_gnu=yes
ac_cv_fc_compiler_gnu=yes
ac_cv_func_log=yes
ac_cv_func_malloc_0_nonnull=yes
ac_cv_func_sqrt=yes
ac_cv_header_assert_h=yes
ac_cv_header_dlfcn_h=yes
ac_cv_header_inttypes_h=yes
ac_cv_header_math_h=yes
ac_cv_header_memory_h=yes
ac_cv_header_mpi_h=yes
ac_cv_header_stdc=yes
ac_cv_header_stdint_h=yes
ac_cv_header_stdlib_h=yes
ac_cv_header_string_h=yes
ac_cv_header_strings_h=yes
ac_cv_header_sys_stat_h=yes
ac_cv_header_sys_types_h=yes
ac_cv_header_unistd_h=yes
ac_cv_host=x86_64-unknown-linux-gnu
ac_cv_lib_m_sqrt=yes
ac_cv_lib_mpi_MPI_Init=yes
ac_cv_objext=o
ac_cv_path_EGREP='/bin/grep -E'
ac_cv_path_FGREP='/bin/grep -F'
ac_cv_path_GREP=/bin/grep
ac_cv_path_SED=/bin/sed
ac_cv_path_install='/usr/bin/install -c'
ac_cv_path_mkdir=/bin/mkdir
ac_cv_prog_AWK=gawk
ac_cv_prog_CPP='gcc -E'
ac_cv_prog_ac_ct_AR=ar
ac_cv_prog_ac_ct_CC=gcc
ac_cv_prog_ac_ct_F77=gfortran
ac_cv_prog_ac_ct_FC=gfortran
ac_cv_prog_ac_ct_OBJDUMP=objdump
ac_cv_prog_ac_ct_RANLIB=ranlib
ac_cv_prog_ac_ct_STRIP=strip
ac_cv_prog_cc_c89=
ac_cv_prog_cc_g=yes
ac_cv_prog_cc_gcc_c_o=yes
ac_cv_prog_f77_g=yes
ac_cv_prog_fc_g=yes
ac_cv_prog_make_make_set=yes
am_cv_CC_dependencies_compiler_type=gcc3
am_cv_prog_tar_ustar=gnutar
lt_cv_ar_at_file=@
lt_cv_archive_cmds_need_lc=no
lt_cv_deplibs_check_method=pass_all
lt_cv_file_magic_cmd='$MAGIC_CMD'
lt_cv_file_magic_test_file=
lt_cv_ld_reload_flag=-r
lt_cv_nm_interface='BSD nm'
lt_cv_objdir=.libs
lt_cv_path_LD=/opt/bin/ld
lt_cv_path_NM='/usr/bin/nm -B'
lt_cv_path_mainfest_tool=no
lt_cv_prog_compiler_c_o=yes
lt_cv_prog_compiler_c_o_F77=yes
lt_cv_prog_compiler_c_o_FC=yes
lt_cv_prog_compiler_pic='-fPIC -DPIC'
lt_cv_prog_compiler_pic_F77=-fPIC
lt_cv_prog_compiler_pic_FC=-fPIC
lt_cv_prog_compiler_pic_works=yes
lt_cv_prog_compiler_pic_works_F77=yes
lt_cv_prog_compiler_pic_works_FC=yes
lt_cv_prog_compiler_rtti_exceptions=no
lt_cv_prog_compiler_static_works=yes
lt_cv_prog_compiler_static_works_F77=yes
lt_cv_prog_compiler_static_works_FC=yes
lt_cv_prog_gnu_ld=yes
lt_cv_sharedlib_from_linklib_cmd='printf %s\n'
lt_cv_shlibpath_overrides_runpath=no
lt_cv_sys_global_symbol_pipe='sed -n -e '\''s/^.*[	 ]\([ABCDGIRSTW][ABCDGIRSTW]*\)[	 ][	 ]*\([_A-Za-z][_A-Za-z0-9]*\)$/\1 \2 \2/p'\'' | sed '\''/ __gnu_lto/d'\'''
lt_cv_sys_global_symbol_to_c_name_address='sed -n -e '\''s/^: \([^ ]*\)[ ]*$/  {\"\1\", (void *) 0},/p'\'' -e '\''s/^[ABCDGIRSTW]* \([^ ]*\) \([^ ]*\)$/  {"\2", (void *) \&\2},/p'\'''
lt_cv_sys_global_symbol_to_c_name_address_lib_prefix='sed -n -e '\''s/^: \([^ ]*\)[ ]*$/  {\"\1\", (void *) 0},/p'\'' -e '\''s/^[ABCDGIRSTW]* \([^ ]*\) \(lib[^ ]*\)$/  {"\2", (void *) \&\2},/p'\'' -e '\''s/^[ABCDGIRSTW]* \([^ ]*\) \([^ ]*\)$/  {"lib\2", (void *) \&\2},/p'\'''
lt_cv_sys_global_symbol_to_cdecl='sed -n -e '\''s/^T .* \(.*\)$/extern int \1();/p'\'' -e '\''s/^[ABCDGIRSTW]* .* \(.*\)$/extern char \1;/p'\'''
lt_cv_sys_max_cmd_len=12582912
lt_cv_to_host_file_cmd=func_convert_file_noop
lt_cv_to_tool_file_cmd=func_convert_file_noop

## ----------------- ##
## Output variables. ##
## ----------------- ##

ACLOCAL='${SHELL} /short/public/rcb547/apps/rjmcmcmt/submodules/RJMCMC-1.0.11/missing --run aclocal-1.11'
AMDEPBACKSLASH='\'
AMDEP_FALSE='#'
AMDEP_TRUE=''
AMTAR='${SHELL} /short/public/rcb547/apps/rjmcmcmt/submodules/RJMCMC-1.0.11/missing --run tar'
AR='ar'
AUTOCONF='${SHELL} /short/public/rcb547/apps/rjmcmcmt/submodules/RJMCMC-1.0.11/missing --run autoconf'
AUTOHEADER='${SHELL} /short/public/rcb547/apps/rjmcmcmt/submodules/RJMCMC-1.0.11/missing --run autoheader'
AUTOMAKE='${SHELL} /short/public/rcb547/apps/rjmcmcmt/submodules/RJMCMC-1.0.11/missing --run automake-1.11'
AWK='gawk'
CC='gcc'
CCDEPMODE='depmode=gcc3'
CFLAGS='-g -O2'
CPP='gcc -E'
CPPFLAGS=' -I/usr/include/openmpi'
CYGPATH_W='echo'
DEFS='-DHAVE_CONFIG_H'
DEPDIR='.deps'
DLLTOOL='false'
DSYMUTIL=''
DUMPBIN=''
ECHO_C=''
ECHO_N='-n'
ECHO_T=''
EGREP='/bin/grep -E'
EXEEXT=''
F77='gfortran'
FC='gfortran'
FCFLAGS='-g -O2'
FFLAGS='-g -O2'
FGREP='/bin/grep -F'
GREP='/bin/grep'
INSTALL_DATA='${INSTALL} -m 644'
INSTALL_PROGRAM='${INSTALL}'
INSTALL_SCRIPT='${INSTALL}'
INSTALL_STRIP_PROGRAM='$(install_sh) -c -s'
LD='/opt/bin/ld -m elf_x86_64'
LDFLAGS=' -L/usr/lib/openmpi'
LIBMPI='-lmpi'
LIBOBJS=''
LIBS='-lm '
LIBTOOL='$(SHELL) $(top_builddir)/libtool'
LIPO=''
LN_S='ln -s'
LTLIBOBJS=''
MAKEINFO='${SHELL} /short/public/rcb547/apps/rjmcmcmt/submodules/RJMCMC-1.0.11/missing --run makeinfo'
MANIFEST_TOOL=':'
MKDIR_P='/bin/mkdir -p'
NM='/usr/bin/nm -B'
NMEDIT=''
OBJDUMP='objdump'
OBJEXT='o'
OPENMPI_CPPFLAGS='-I/usr/include/openmpi'
OPENMPI_LDFLAGS='-L/usr/lib/openmpi'
OTOOL64=''
OTOOL=''
PACKAGE='RJMCMC'
PACKAGE_BUGREPORT='http://www.iearth.org.au/codes/RJMCMC'
PACKAGE_NAME='rjmcmc'
PACKAGE_STRING='rjmcmc 1.0.11'
PACKAGE_TARNAME='RJMCMC'
PACKAGE_VERSION='1.0.11'
PATH_SEPARATOR=':'
RANLIB='ranlib'
SED='/bin/sed'
SET_MAKE=''
SHELL='/bin/sh'
STRIP='strip'
VERSION='1.0.11'
WITHOPENMPI_FALSE='#'
WITHOPENMPI_TRUE=''
ac_ct_AR='ar'
ac_ct_CC='gcc'
ac_ct_DUMPBIN=''
ac_ct_F77='gfortran'
ac_ct_FC='gfortran'
am__EXEEXT_FALSE=''
am__EXEEXT_TRUE='#'
am__fastdepCC_FALSE='#'
am__fastdepCC_TRUE=''
am__include='include'
am__isrc=''
am__leading_dot='.'
am__quote=''
am__tar='tar --format=ustar -chf - "$$tardir"'
am__untar='tar -xf -'
bindir='${exec_prefix}/bin'
build='x86_64-unknown-linux-gnu'
build_alias=''
build_cpu='x86_64'
build_os='linux-gnu'
build_vendor='unknown'
datadir='${datarootdir}'
datarootdir='${prefix}/share'
docdir='${datarootdir}/doc/${PACKAGE_TARNAME}'
dvidir='${docdir}'
exec_prefix='${prefix}'
host='x86_64-unknown-linux-gnu'
host_alias=''
host_cpu='x86_64'
host_os='linux-gnu'
host_vendor='unknown'
htmldir='${docdir}'
includedir='${prefix}/include'
infodir='${datarootdir}/info'
install_sh='${SHELL} /short/public/rcb547/apps/rjmcmcmt/submodules/RJMCMC-1.0.11/install-sh'
libdir='${exec_prefix}/lib'
libexecdir='${exec_prefix}/libexec'
localedir='${datarootdir}/locale'
localstatedir='${prefix}/var'
mandir='${datarootdir}/man'
mkdir_p='/bin/mkdir -p'
oldincludedir='/usr/include'
pdfdir='${docdir}'
prefix='/short/public/rcb547/apps/rjmcmcmt/submodules/RJMCMC-1.0.11/installed/gcc-5.2.0'
program_transform_name='s,x,x,'
psdir='${docdir}'
sbindir='${exec_prefix}/sbin'
sharedstatedir='${prefix}/com'
sysconfdir='${prefix}/etc'
target_alias=''

## ----------- ##
## confdefs.h. ##
## ----------- ##

#define PACKAGE_NAME "rjmcmc"
#define PACKAGE_TARNAME "RJMCMC"
#define PACKAGE_VERSION "1.0.11"
#define PACKAGE_STRING "rjmcmc 1.0.11"
#define PACKAGE_BUGREPORT "http://www.iearth.org.au/codes/RJMCMC"
#define STDC_HEADERS 1
#define HAVE_SYS_TYPES_H 1
#define HAVE_SYS_STAT_H 1
#define HAVE_STDLIB_H 1
#define HAVE_STRING_H 1
#define HAVE_MEMORY_H 1
#define HAVE_STRINGS_H 1
#define HAVE_INTTYPES_H 1
#define HAVE_STDINT_H 1
#define HAVE_UNISTD_H 1
#define HAVE_DLFCN_H 1
#define LT_OBJDIR ".libs/"
#define HAVE_LIBM 1
#define HAVE_STDLIB_H 1
#define HAVE_MATH_H 1
#define HAVE_STRING_H 1
#define HAVE_ASSERT_H 1
#define HAVE_STDLIB_H 1
#define HAVE_MALLOC 1
#define HAVE_SQRT 1
#define HAVE_LOG 1
#define HAVE_MPI_H 1
#define HAVE_LIBMPI 1

configure: exit 0

## ---------------------- ##
## Running config.status. ##
## ---------------------- ##

This file was extended by rjmcmc config.status 1.0.11, which was
generated by GNU Autoconf 2.63.  Invocation command line was

  CONFIG_FILES    = 
  CONFIG_HEADERS  = 
  CONFIG_LINKS    = 
  CONFIG_COMMANDS = 
  $ ./config.status 

on raijin5

config.status:1177: creating Makefile
config.status:1177: creating rjmcmc.pc
config.status:1177: creating src/Makefile
config.status:1177: creating include/Makefile
config.status:1177: creating examples/1d/partitioned/fm/functionfit/Makefile
config.status:1177: creating examples/1d/partitioned/fm/functionfitf/Makefile
config.status:1177: creating examples/1d/partitioned/fm/gaussian/Makefile
config.status:1177: creating examples/1d/partitioned/fm/natural/Makefile
config.status:1177: creating examples/1d/partitioned/fm/regression/Makefile
config.status:1177: creating examples/1d/partitioned/fm/step/Makefile
config.status:1177: creating examples/1d/partitioned/fm/synthdata/Makefile
config.status:1177: creating examples/1d/partitioned/fm/velocityf/Makefile
config.status:1177: creating examples/1d/partitioned/regression/multiquad/Makefile
config.status:1177: creating examples/1d/partitioned/regression/multistep/Makefile
config.status:1177: creating examples/1d/partitioned/regression/sawtooth/Makefile
config.status:1177: creating examples/1d/partitioned/regression/zeromultistep/Makefile
config.status:1177: creating examples/1d/single/fm/gaussian/Makefile
config.status:1177: creating examples/1d/single/fm/simplef/Makefile
config.status:1177: creating examples/1d/single/fm/simpleimage/Makefile
config.status:1177: creating examples/1d/single/fm/spherefit/Makefile
config.status:1177: creating examples/1d/single/regression/cubic/Makefile
config.status:1177: creating examples/2d/partitioned/fm/mpi_regression/Makefile
config.status:1177: creating examples/2d/partitioned/fm/regression/Makefile
config.status:1177: creating examples/2d/partitioned/fm/gaussian/Makefile
config.status:1177: creating examples/2d/partitioned/regression/ausmoho/Makefile
config.status:1177: creating examples/2d/partitioned/regression/callbackex/Makefile
config.status:1177: creating examples/2d/partitioned/regression/disc/Makefile
config.status:1177: creating examples/2d/partitioned/regression/gaussian/Makefile
config.status:1177: creating examples/2d/partitioned/regression/square/Makefile
config.status:1177: creating tests/Makefile
config.status:1177: creating tests/regression/1d/partitioned/fm/MPI_part1d_forwardmodel_c/Makefile
config.status:1177: creating tests/regression/1d/partitioned/fm/MPI_part1d_forwardmodel_hierarchical_c/Makefile
config.status:1177: creating tests/regression/1d/partitioned/fm/MPI_part1d_forwardmodel_natural_c/Makefile
config.status:1177: creating tests/regression/1d/partitioned/fm/MPI_part1d_forwardmodel_natural_hierarchical_c/Makefile
config.status:1177: creating tests/regression/1d/partitioned/fm/part1d_forwardmodel_c/Makefile
config.status:1177: creating tests/regression/1d/partitioned/fm/part1d_forwardmodel_hierarchical_c/Makefile
config.status:1177: creating tests/regression/1d/partitioned/fm/part1d_forwardmodel_natural_c/Makefile
config.status:1177: creating tests/regression/1d/partitioned/fm/part1d_forwardmodel_natural_hierarchical_c/Makefile
config.status:1177: creating tests/regression/1d/partitioned/fm/part1d_forwardmodel_zero_cubic_c/Makefile
config.status:1177: creating tests/regression/1d/single/fm/MPI_single_forwardmodel_c/Makefile
config.status:1177: creating tests/regression/1d/single/fm/MPI_single_forwardmodel_hierarchical_c/Makefile
config.status:1177: creating tests/regression/1d/single/fm/single_forwardmodel_c/Makefile
config.status:1177: creating tests/regression/1d/single/fm/single_forwardmodel_hierarchical_c/Makefile
config.status:1177: creating tests/regression/2d/partitioned/fm/MPI_part2d_forwardmodel_c/Makefile
config.status:1177: creating tests/regression/2d/partitioned/fm/MPI_part2d_forwardmodel_hierarchical_c/Makefile
config.status:1177: creating tests/regression/2d/partitioned/fm/part2d_forwardmodel_c/Makefile
config.status:1177: creating tests/regression/2d/partitioned/fm/part2d_forwardmodel_hierarchical_c/Makefile
config.status:1177: creating include/rjmcmc/rjmcmc_config.h
config.status:1399: include/rjmcmc/rjmcmc_config.h is unchanged
config.status:1451: executing depfiles commands
config.status:1451: executing libtool commands
